<?xml version="1.0" encoding="UTF-8"?>
<!-- Generated by org.testng.reporters.JUnitReportReporter -->
<testsuite skipped="0" hostname="deepakyadav" name="com.betatest.testcases.LoginTest" tests="1" failures="0" timestamp="25 Sep 2017 03:15:24 GMT" time="1.427" errors="0">
  <testcase name="loginasbankmnger" time="1.427" classname="com.betatest.testcases.LoginTest"/>
</testsuite> <!-- com.betatest.testcases.LoginTest -->
